Start testing: Aug 18 20:25 -05
----------------------------------------------------------
1/1 Testing: cpp_printer_tests
1/1 Test: cpp_printer_tests
Command: "/home/bluenova/projects/cpp_printer/build/cpp_printer_tests"
Directory: /home/bluenova/projects/cpp_printer/build
"cpp_printer_tests" start time: Aug 18 20:25 -05
Output:
----------------------------------------------------------
<end of output>
Test time =   0.00 sec
----------------------------------------------------------
Test Passed.
"cpp_printer_tests" end time: Aug 18 20:25 -05
"cpp_printer_tests" time elapsed: 00:00:00
----------------------------------------------------------

End testing: Aug 18 20:25 -05
